SF:src\EmbeddingsTools.jl
DA:3,36
LH:1
LF:1
end_of_record
SF:src\functions.jl
DA:13,23
DA:14,23
DA:15,23
DA:27,42
DA:31,42
DA:32,117
DA:33,24
DA:34,152
DA:35,18
DA:36,72
DA:37,24
DA:39,18
DA:49,15
DA:51,12
DA:53,24
DA:55,39
DA:56,15
DA:57,85
DA:58,66
DA:59,87
DA:60,9
DA:61,43
DA:62,45
DA:63,15
DA:65,0
DA:66,9
DA:72,4
DA:73,4
DA:74,2
DA:76,4
DA:78,38
DA:79,8
DA:80,12
DA:81,19
DA:82,0
DA:83,8
DA:85,4
DA:91,4
DA:92,2
DA:94,6
DA:96,10
DA:97,4
DA:98,8
DA:99,16
DA:101,14
DA:103,4
DA:107,36
DA:108,18
DA:109,36
DA:110,18
DA:112,42
DA:113,18
DA:114,47
DA:116,18
DA:117,17
DA:118,19
DA:119,8
DA:121,19
DA:124,18
DA:125,9
DA:128,40
DA:129,19
DA:130,40
DA:134,20
DA:137,38
DA:138,9
DA:142,19
DA:145,20
DA:149,18
DA:150,9
DA:154,19
DA:158,20
DA:162,16
DA:163,8
DA:167,6
DA:169,16
DA:170,28
DA:171,10
DA:172,11
DA:173,3
DA:174,6
DA:176,12
DA:177,10
DA:178,4
DA:179,1
DA:181,5
DA:182,4
DA:183,17
DA:186,1
DA:187,9
DA:188,4
DA:190,16
DA:192,13
DA:193,6
DA:195,8
DA:196,12
DA:197,20
DA:198,16
DA:199,34
DA:200,45
DA:201,45
DA:202,55
DA:203,47
DA:204,36
DA:205,14
DA:206,30
DA:207,24
DA:208,36
DA:209,40
DA:210,36
DA:211,18
DA:212,32
DA:213,20
DA:214,8
DA:215,36
DA:216,22
DA:217,12
DA:219,8
DA:220,22
DA:221,11
DA:222,8
DA:223,8
DA:224,31
DA:225,28
DA:226,28
DA:227,40
DA:228,30
DA:229,14
DA:230,10
DA:231,24
DA:232,6
DA:233,28
DA:234,26
DA:235,28
DA:237,2
DA:240,27
DA:241,5
DA:242,5
DA:243,36
DA:244,12
DA:245,5
DA:246,4
DA:247,10
DA:248,4
DA:250,2
DA:255,4
DA:256,4
DA:257,4
DA:258,8
DA:260,4
DA:268,2
DA:269,16
DA:270,10
DA:271,4
DA:273,2
DA:274,12
DA:275,7
DA:276,4
DA:278,26
DA:279,23
DA:280,14
DA:282,8
DA:283,27
DA:284,14
DA:285,4
DA:286,2
DA:287,8
DA:290,8
DA:291,6
DA:292,2
DA:295,8
DA:296,8
DA:297,13
DA:298,2
DA:299,1
DA:300,4
DA:301,2
DA:302,4
DA:303,10
DA:304,2
DA:305,1
DA:306,22
DA:307,6
DA:308,3
DA:309,3
DA:310,8
DA:311,2
DA:312,3
DA:313,6
DA:314,2
DA:315,1
DA:316,2
DA:317,2
DA:318,5
DA:319,6
DA:321,78
DA:322,41
DA:323,4
DA:324,2
DA:326,80
DA:328,4
DA:329,2
DA:330,4
DA:332,2
DA:333,6
DA:334,1
DA:335,2
DA:336,2
DA:338,2
DA:339,2
DA:340,2
DA:343,2
DA:346,2
DA:347,2
DA:348,1
DA:350,78
DA:352,2
DA:357,4
DA:358,2
DA:359,3
DA:360,1
DA:362,4
DA:363,3
DA:364,2
DA:367,4
DA:368,1
DA:372,2
DA:376,2
DA:382,2
DA:383,1
DA:387,4
DA:388,2
DA:391,2
DA:396,2
DA:398,4
DA:399,2
DA:402,24
DA:403,40
DA:404,12
DA:407,25
DA:408,25
DA:411,6
DA:412,2
DA:415,4
DA:416,12
DA:417,8
DA:418,2
DA:419,4
DA:420,4
DA:421,4
DA:422,2
DA:424,2
DA:427,10
DA:428,3
DA:431,36
DA:432,35
DA:433,6
DA:434,3
DA:435,4
DA:436,8
DA:438,4
DA:440,6
DA:443,20
DA:444,14
DA:445,8
DA:446,4
DA:447,18
DA:448,39
DA:449,10
DA:450,28
DA:451,8
DA:452,49
DA:454,25
DA:456,20
DA:460,10
DA:462,10
DA:463,8
DA:464,8
DA:465,4
DA:466,108
DA:467,111
DA:468,7
DA:469,104
DA:471,182
DA:472,20
DA:474,4
DA:475,8
DA:476,4
DA:477,4
DA:478,12
DA:479,51
DA:480,11
DA:481,32
DA:483,34
DA:485,7
DA:494,12
DA:495,16
DA:496,4
DA:497,4
DA:498,216
DA:499,11
DA:500,7
DA:501,4
DA:503,7
DA:506,12
DA:507,20
DA:508,8
DA:509,4
DA:510,28
DA:511,11
DA:512,22
DA:513,4
DA:515,7
DA:518,2
DA:519,2
DA:520,2
DA:521,4
DA:522,2
DA:523,8
DA:525,6
DA:526,8
DA:527,12
DA:530,8
DA:535,2
DA:536,2
DA:537,3
DA:538,13
DA:539,17
DA:540,8
DA:542,15
DA:544,2
DA:546,1
DA:547,2
DA:548,1
DA:549,1
DA:550,5
DA:551,2
DA:552,6
DA:554,4
DA:555,10
DA:556,10
DA:557,5
DA:558,15
DA:559,5
DA:560,30
DA:561,5
DA:562,20
DA:563,5
DA:564,20
DA:566,15
DA:567,4
DA:568,10
DA:569,6
DA:570,5
DA:571,10
DA:572,5
DA:573,8
DA:574,4
DA:575,13
DA:576,8
DA:577,4
DA:578,9
DA:579,6
DA:580,2
DA:581,4
DA:583,8
DA:586,8
DA:587,28
DA:589,18
DA:591,26
DA:592,4
DA:593,14
DA:594,4
DA:595,18
DA:596,4
DA:597,16
DA:598,4
DA:599,16
DA:601,12
DA:602,10
DA:603,14
DA:604,4
DA:605,6
DA:606,6
DA:607,6
DA:608,8
DA:609,4
DA:610,18
DA:611,6
DA:612,4
DA:613,8
DA:614,8
DA:615,4
DA:616,4
DA:617,4
DA:618,24
DA:619,8
DA:624,8
DA:626,8
DA:627,6
DA:628,14
DA:630,14
DA:632,6
DA:635,3
DA:636,6
DA:637,14
DA:638,12
DA:639,9
DA:640,10
DA:641,9
DA:642,10
DA:643,8
DA:644,7
DA:645,11
DA:646,15
DA:647,3
DA:648,3
DA:656,6
DA:657,6
DA:659,18
DA:661,6
DA:664,3
DA:665,6
DA:666,6
DA:667,14
DA:668,11
DA:669,12
DA:670,12
DA:671,9
DA:672,8
DA:673,14
DA:674,9
DA:675,12
DA:676,3
DA:677,3
DA:688,12
DA:696,6
DA:697,6
DA:698,6
DA:699,4
DA:702,6
DA:703,6
DA:704,6
LH:441
LF:443
end_of_record
SF:src\reduction.jl
DA:11,35
DA:13,35
DA:17,63
DA:20,1820
DA:21,5915
DA:22,1001
DA:23,308
DA:26,35
DA:29,70
DA:32,35
DA:35,70
DA:36,35
DA:39,35
DA:40,70
DA:41,35
DA:42,35
DA:48,35
DA:49,35
DA:51,35
DA:59,21
DA:61,21
DA:65,21
DA:68,224
DA:69,168
DA:72,21
DA:73,21
DA:74,42
DA:77,42
DA:78,21
DA:79,21
DA:85,42
DA:87,21
LH:32
LF:32
end_of_record
SF:src\types.jl
DA:19,241
DA:33,87
DA:34,87
DA:36,87
DA:42,7
DA:44,5
DA:45,5
DA:49,7
DA:51,5
DA:52,5
LH:10
LF:10
end_of_record
