SF:src\EmbeddingsTools.jl
DA:3,12
LH:1
LF:1
end_of_record
SF:src\functions.jl
DA:13,6
DA:14,6
DA:15,6
DA:27,9
DA:31,9
DA:32,16
DA:33,9
DA:34,50
DA:35,0
DA:37,9
DA:40,0
DA:41,0
DA:53,9
DA:57,9
DA:59,16
DA:60,9
DA:61,31
DA:62,30
DA:63,15
DA:65,0
DA:66,9
DA:78,2
DA:83,4
DA:85,4
DA:96,2
DA:101,4
DA:103,4
DA:112,38
DA:114,38
DA:118,19
DA:121,19
DA:129,19
DA:142,19
DA:154,19
DA:167,6
DA:174,6
DA:176,4
DA:177,2
DA:181,3
DA:182,1
DA:183,0
DA:186,1
DA:187,1
DA:192,3
DA:200,3
DA:201,3
DA:202,3
DA:203,3
DA:204,10
DA:205,10
DA:206,10
DA:207,14
DA:208,8
DA:209,4
DA:211,6
DA:213,8
DA:214,8
DA:215,8
DA:217,8
DA:220,10
DA:221,3
DA:224,3
DA:232,2
DA:233,2
DA:234,2
DA:235,4
DA:237,2
DA:245,2
DA:246,2
DA:247,2
DA:248,4
DA:250,2
DA:274,12
DA:280,6
DA:283,23
DA:284,14
DA:287,8
DA:290,4
DA:295,4
DA:296,4
DA:300,4
DA:301,2
DA:303,2
DA:307,4
DA:309,2
DA:312,2
DA:313,2
DA:316,2
DA:319,2
DA:322,2
DA:326,78
DA:333,4
DA:338,2
DA:352,2
DA:363,2
DA:364,2
DA:367,2
DA:372,2
DA:387,2
DA:403,4
DA:407,25
DA:408,25
DA:416,2
DA:420,2
DA:421,4
DA:422,2
DA:424,2
DA:432,4
DA:436,6
DA:438,4
DA:440,2
DA:448,17
DA:452,31
DA:454,17
DA:456,14
DA:467,7
DA:468,7
DA:471,182
DA:479,7
DA:480,7
DA:483,14
DA:485,7
DA:499,7
DA:500,7
DA:503,7
DA:511,7
DA:512,14
DA:513,0
DA:515,7
DA:523,4
DA:525,4
DA:527,4
DA:540,4
DA:542,6
DA:544,2
DA:551,2
DA:552,2
DA:560,20
DA:562,10
DA:564,10
DA:566,10
DA:568,10
DA:575,10
DA:576,6
DA:577,4
DA:578,2
DA:580,2
DA:583,8
DA:591,16
DA:597,8
DA:599,8
DA:601,8
DA:603,8
DA:610,8
DA:611,4
DA:612,4
DA:613,4
DA:615,0
DA:618,8
DA:619,8
DA:632,6
DA:640,3
DA:641,3
DA:642,3
DA:643,2
DA:646,4
DA:647,3
DA:648,3
DA:661,6
DA:669,3
DA:670,3
DA:671,3
DA:672,2
DA:675,3
DA:676,3
DA:677,3
LH:169
LF:176
end_of_record
SF:src\reduction.jl
DA:11,10
DA:13,10
DA:17,18
DA:20,520
DA:21,1690
DA:22,286
DA:23,88
DA:26,10
DA:29,20
DA:32,10
DA:35,20
DA:36,10
DA:39,10
DA:40,20
DA:41,10
DA:42,10
DA:48,10
DA:49,10
DA:51,10
DA:59,6
DA:61,6
DA:65,6
DA:68,64
DA:69,48
DA:72,6
DA:73,6
DA:74,12
DA:77,12
DA:78,6
DA:79,6
DA:85,12
DA:87,6
LH:32
LF:32
end_of_record
SF:src\types.jl
DA:19,64
DA:33,25
DA:34,25
DA:36,25
DA:42,2
DA:44,0
DA:45,0
DA:49,2
DA:51,0
DA:52,0
LH:6
LF:10
end_of_record
